0 info it worked if it ends with ok
1 verbose cli [ '/Users/aburner/.nvm/versions/node/v6.7.0/bin/node',
1 verbose cli   '/Users/aburner/.nvm/versions/node/v6.7.0/bin/npm',
1 verbose cli   'publish' ]
2 info using npm@3.10.3
3 info using node@v6.7.0
4 verbose publish [ '.' ]
5 silly cache add args [ '.', null ]
6 verbose cache add spec .
7 silly cache add parsed spec Result {
7 silly cache add   raw: '.',
7 silly cache add   scope: null,
7 silly cache add   escapedName: null,
7 silly cache add   name: null,
7 silly cache add   rawSpec: '.',
7 silly cache add   spec: '/Users/aburner/Projects/node/html-indexer',
7 silly cache add   type: 'directory' }
8 verbose addLocalDirectory /Users/aburner/.npm/html-index/0.1.1/package.tgz not in flight; packing
9 verbose correctMkdir /Users/aburner/.npm correctMkdir not in flight; initializing
10 info lifecycle html-index@0.1.1~prepublish: html-index@0.1.1
11 silly lifecycle html-index@0.1.1~prepublish: no script for prepublish, continuing
12 verbose tar pack [ '/Users/aburner/.npm/html-index/0.1.1/package.tgz',
12 verbose tar pack   '/Users/aburner/Projects/node/html-indexer' ]
13 verbose tarball /Users/aburner/.npm/html-index/0.1.1/package.tgz
14 verbose folder /Users/aburner/Projects/node/html-indexer
15 verbose addLocalTarball adding from inside cache /Users/aburner/.npm/html-index/0.1.1/package.tgz
16 verbose correctMkdir /Users/aburner/.npm correctMkdir not in flight; initializing
17 silly cache afterAdd html-index@0.1.1
18 verbose afterAdd /Users/aburner/.npm/html-index/0.1.1/package/package.json not in flight; writing
19 verbose correctMkdir /Users/aburner/.npm correctMkdir not in flight; initializing
20 verbose afterAdd /Users/aburner/.npm/html-index/0.1.1/package/package.json written
21 silly publish { name: 'html-index',
21 silly publish   version: '0.1.1',
21 silly publish   description: 'Recursively write simple index.html lists in a directory tree.',
21 silly publish   main: 'index.js',
21 silly publish   repository:
21 silly publish    { type: 'git',
21 silly publish      url: 'git+https://github.com/alexburner/html-indexer.git' },
21 silly publish   author: { name: 'alexburner' },
21 silly publish   license: 'MIT',
21 silly publish   bugs: { url: 'https://github.com/alexburner/html-indexer/issues' },
21 silly publish   homepage: 'https://github.com/alexburner/html-indexer#readme',
21 silly publish   bin: { 'html-index': './index.js' },
21 silly publish   readme: '# html-index\n\nIn case you\'re serving static files with something like Jenkins on GitHub pages and want to be able to browse through your directory tree, like how you could on that good ol\' Apache server you recently migrated from.\n\n\n## Installation\n\n```\n$ npm install -g html-index\n```\n\n\n## Execution\n\nCreate index.html files starting from current path:\n```\n$ html-index\n```\n\nCreate index.html files starting from a relative path:\n```\n$ html-index ../some/relative/path\n```\n\nCreate index.html files starting from an absolute path:\n```\n$ html-index ~/some/absolute/path\n```\n\n\n## Removal\n\nIf you want to remove generated `index.html` files, add `-rm` or `--remove`:\n```\n$ html-index -rm\n$ html-index -rm ../some/relative/path\n$ html-index -rm ~/some/absolute/path\n```\n\n\n## Notes\n\n- recursively adds `index.html` for target dir & children\n- also adds `.html-indexed` to track its own changes\n- does not overwrite pre-existing `index.html` files (by checking for `.html-indexed`)\n- does not overwrite `index.html` if nothing has changed (by checking in `.html-indexed`)\n- does not walk directories that start with `.` (such as `.git`)\n- `index.html` won\'t include filenames preceded by `.` (such as `.git`)\n- `index.html` won\'t include `index.html`\n',
21 silly publish   readmeFilename: 'README.md',
21 silly publish   gitHead: 'efcff4f1c38db03a169de976f28a0038eba02bde',
21 silly publish   _id: 'html-index@0.1.1',
21 silly publish   scripts: {},
21 silly publish   _shasum: '3e88e894d01c36d2c5170ebf035e8f66fb572a55',
21 silly publish   _from: '.' }
22 verbose getPublishConfig undefined
23 silly mapToRegistry name html-index
24 silly mapToRegistry using default registry
25 silly mapToRegistry registry https://registry.npmjs.org/
26 silly mapToRegistry data Result {
26 silly mapToRegistry   raw: 'html-index',
26 silly mapToRegistry   scope: null,
26 silly mapToRegistry   escapedName: 'html-index',
26 silly mapToRegistry   name: 'html-index',
26 silly mapToRegistry   rawSpec: '',
26 silly mapToRegistry   spec: 'latest',
26 silly mapToRegistry   type: 'tag' }
27 silly mapToRegistry uri https://registry.npmjs.org/html-index
28 verbose publish registryBase https://registry.npmjs.org/
29 silly publish uploading /Users/aburner/.npm/html-index/0.1.1/package.tgz
30 verbose request uri https://registry.npmjs.org/html-index
31 verbose request sending authorization for write operation
32 info attempt registry request try #1 at 6:27:43 PM
33 verbose request using bearer token for auth
34 verbose request id 71fe1287ed2be82b
35 http request PUT https://registry.npmjs.org/html-index
36 http 403 https://registry.npmjs.org/html-index
37 verbose headers { 'content-type': 'application/json',
37 verbose headers   'cache-control': 'max-age=300',
37 verbose headers   'content-length': '95',
37 verbose headers   'accept-ranges': 'bytes',
37 verbose headers   date: 'Mon, 17 Oct 2016 01:27:44 GMT',
37 verbose headers   via: '1.1 varnish',
37 verbose headers   connection: 'keep-alive',
37 verbose headers   'x-served-by': 'cache-sea1925-SEA',
37 verbose headers   'x-cache': 'MISS',
37 verbose headers   'x-cache-hits': '0',
37 verbose headers   'x-timer': 'S1476667664.365831,VS0,VE126',
37 verbose headers   vary: 'Accept-Encoding' }
38 verbose request invalidating /Users/aburner/.npm/registry.npmjs.org/html-index on PUT
39 error publish Failed PUT 403
40 verbose stack Error: "You cannot publish over the previously published version 0.1.1." : html-index
40 verbose stack     at makeError (/Users/aburner/.nvm/versions/node/v6.7.0/lib/node_modules/npm/node_modules/npm-registry-client/lib/request.js:264:12)
40 verbose stack     at CachingRegistryClient.<anonymous> (/Users/aburner/.nvm/versions/node/v6.7.0/lib/node_modules/npm/node_modules/npm-registry-client/lib/request.js:252:14)
40 verbose stack     at Request._callback (/Users/aburner/.nvm/versions/node/v6.7.0/lib/node_modules/npm/node_modules/npm-registry-client/lib/request.js:172:14)
40 verbose stack     at Request.self.callback (/Users/aburner/.nvm/versions/node/v6.7.0/lib/node_modules/npm/node_modules/request/request.js:200:22)
40 verbose stack     at emitTwo (events.js:106:13)
40 verbose stack     at Request.emit (events.js:191:7)
40 verbose stack     at Request.<anonymous> (/Users/aburner/.nvm/versions/node/v6.7.0/lib/node_modules/npm/node_modules/request/request.js:1067:10)
40 verbose stack     at emitOne (events.js:101:20)
40 verbose stack     at Request.emit (events.js:188:7)
40 verbose stack     at IncomingMessage.<anonymous> (/Users/aburner/.nvm/versions/node/v6.7.0/lib/node_modules/npm/node_modules/request/request.js:988:12)
41 verbose statusCode 403
42 verbose pkgid html-index
43 verbose cwd /Users/aburner/Projects/node/html-indexer
44 error Darwin 15.6.0
45 error argv "/Users/aburner/.nvm/versions/node/v6.7.0/bin/node" "/Users/aburner/.nvm/versions/node/v6.7.0/bin/npm" "publish"
46 error node v6.7.0
47 error npm  v3.10.3
48 error code E403
49 error "You cannot publish over the previously published version 0.1.1." : html-index
50 error If you need help, you may report this error at:
50 error     <https://github.com/npm/npm/issues>
51 verbose exit [ 1, true ]
